"C:\XSSD Instalations\JetBrains\CLion 2021.3.4\bin\cmake\win\bin\cmake.exe" -DCMAKE_BUILD_TYPE=Debug "-DCMAKE_MAKE_PROGRAM=C:/XSSD Instalations/JetBrains/CLion 2021.3.4/bin/ninja/win/ninja.exe" -G Ninja D:\University\UNI\PFL\Lab1
-- The C compiler identification is unknown
-- The CXX compiler identification is unknown
-- Detecting C compiler ABI info
-- Detecting C compiler ABI info - failed
-- Check for working C compiler: C:/XSSD Instalations/JetBrains/CLion 2021.3.4/bin/mingw/bin/gcc.exe
-- Check for working C compiler: C:/XSSD Instalations/JetBrains/CLion 2021.3.4/bin/mingw/bin/gcc.exe - broken
CMake Error at C:/XSSD Instalations/JetBrains/CLion 2021.3.4/bin/cmake/win/share/cmake-3.21/Modules/CMakeTestCCompiler.cmake:69 (message):
  The C compiler

    "C:/XSSD Instalations/JetBrains/CLion 2021.3.4/bin/mingw/bin/gcc.exe"

  is not able to compile a simple test program.

  It fails with the following output:

    Change Dir: D:/University/UNI/PFL/Lab1/cmake-build-debug/CMakeFiles/CMakeTmp
    
    Run Build Command(s):C:/XSSD Instalations/JetBrains/CLion 2021.3.4/bin/ninja/win/ninja.exe cmTC_4e248 && [1/2] Building C object CMakeFiles\cmTC_4e248.dir\testCCompiler.c.obj
    FAILED: CMakeFiles/cmTC_4e248.dir/testCCompiler.c.obj 
    C:\XSSDIN~1\JETBRA~1\CLION2~1.4\bin\mingw\bin\gcc.exe    -o CMakeFiles\cmTC_4e248.dir\testCCompiler.c.obj -c D:\University\UNI\PFL\Lab1\cmake-build-debug\CMakeFiles\CMakeTmp\testCCompiler.c
    cc1.exe: fatal error: cannot open 'C:\Users\lukyl\AppData\Local\Temp\cclLXsOA.s' for writing: Permission denied
    compilation terminated.
    ninja: build stopped: subcommand failed.
    
    

  

  CMake will not be able to correctly generate this project.
Call Stack (most recent call first):
  CMakeLists.txt:2 (project)


-- Configuring incomplete, errors occurred!
See also "D:/University/UNI/PFL/Lab1/cmake-build-debug/CMakeFiles/CMakeOutput.log".
See also "D:/University/UNI/PFL/Lab1/cmake-build-debug/CMakeFiles/CMakeError.log".
